<?xml version="1.0" encoding="UTF-8"?>
<!-- Generated by org.testng.reporters.JUnitReportReporter -->
<testsuite hostname="DESKTOP-VG7FOF4" failures="0" tests="4" name="com.QaLegendBilling.Scripts.LoginTest" time="16.017" errors="0" timestamp="2023-03-20T17:25:23 IST" skipped="0">
  <testcase classname="com.QaLegendBilling.Scripts.LoginTest" name="verifyLoginInvalidUserInvalidPassword" time="4.496"/>
  <system-out/>
  <testcase classname="com.QaLegendBilling.Scripts.LoginTest" name="verifyLoginValidUserInvalidPassword" time="2.989"/>
  <system-out/>
  <testcase classname="com.QaLegendBilling.Scripts.LoginTest" name="verifyLoginInvalidUserValidPassword" time="2.660"/>
  <system-out/>
  <testcase classname="com.QaLegendBilling.Scripts.LoginTest" name="verifyLoginValidUserValidPassword" time="5.872"/>
  <system-out/>
</testsuite> <!-- com.QaLegendBilling.Scripts.LoginTest -->
