<?xml version="1.0" encoding="UTF-8"?>
<!-- Generated by org.testng.reporters.JUnitReportReporter -->
<testsuite hostname="DESKTOP-VG7FOF4" failures="0" tests="4" name="com.QaLegendBilling.Scripts.LoginTest" time="16.864" errors="0" timestamp="2023-03-27T14:52:15 IST" skipped="0">
  <testcase classname="com.QaLegendBilling.Scripts.LoginTest" name="verifyLoginInvalidUserInvalidPassword" time="5.899"/>
  <system-out/>
  <testcase classname="com.QaLegendBilling.Scripts.LoginTest" name="verifyLoginValidUserInvalidPassword" time="2.902"/>
  <system-out/>
  <testcase classname="com.QaLegendBilling.Scripts.LoginTest" name="verifyLoginInvalidUserValidPassword" time="2.307"/>
  <system-out/>
  <testcase classname="com.QaLegendBilling.Scripts.LoginTest" name="verifyLoginValidUserValidPassword" time="5.756"/>
  <system-out/>
</testsuite> <!-- com.QaLegendBilling.Scripts.LoginTest -->
