<?xml version="1.0" encoding="UTF-8"?>
<!-- Generated by org.testng.reporters.JUnitReportReporter -->
<testsuite hostname="DESKTOP-VG7FOF4" failures="0" tests="4" name="com.QaLegendBilling.Scripts.LoginTest" time="20.792" errors="0" timestamp="2023-03-20T18:50:10 IST" skipped="0">
  <testcase classname="com.QaLegendBilling.Scripts.LoginTest" name="verifyLoginInvalidUserInvalidPassword" time="7.484"/>
  <system-out/>
  <testcase classname="com.QaLegendBilling.Scripts.LoginTest" name="verifyLoginValidUserInvalidPassword" time="3.722"/>
  <system-out/>
  <testcase classname="com.QaLegendBilling.Scripts.LoginTest" name="verifyLoginInvalidUserValidPassword" time="2.702"/>
  <system-out/>
  <testcase classname="com.QaLegendBilling.Scripts.LoginTest" name="verifyLoginValidUserValidPassword" time="6.884"/>
  <system-out/>
</testsuite> <!-- com.QaLegendBilling.Scripts.LoginTest -->
