<?xml version="1.0" encoding="UTF-8"?>
<!-- Generated by org.testng.reporters.JUnitReportReporter -->
<testsuite hostname="DESKTOP-VG7FOF4" failures="0" tests="4" name="com.QaLegendBilling.Scripts.LoginTest" time="306.631" errors="0" timestamp="2023-04-03T07:41:43 IST" skipped="0">
  <testcase classname="com.QaLegendBilling.Scripts.LoginTest" name="verifyLoginInvalidUserInvalidPassword" time="110.826"/>
  <system-out/>
  <testcase classname="com.QaLegendBilling.Scripts.LoginTest" name="verifyLoginValidUserInvalidPassword" time="69.038"/>
  <system-out/>
  <testcase classname="com.QaLegendBilling.Scripts.LoginTest" name="verifyLoginInvalidUserValidPassword" time="71.697"/>
  <system-out/>
  <testcase classname="com.QaLegendBilling.Scripts.LoginTest" name="verifyLoginValidUserValidPassword" time="55.070"/>
  <system-out/>
</testsuite> <!-- com.QaLegendBilling.Scripts.LoginTest -->
