<?xml version="1.0" encoding="UTF-8"?>
<!-- Generated by org.testng.reporters.JUnitReportReporter -->
<testsuite skipped="0" hostname="DESKTOP-VG7FOF4" name="com.QaLegendBilling.Base.TestBase" tests="1" failures="0" timestamp="2023-03-17T15:24:05 IST" time="0.682" errors="0">
  <testcase name="testBase" time="0.682" classname="com.QaLegendBilling.Base.TestBase"/>
  <system-out/>
</testsuite> <!-- com.QaLegendBilling.Base.TestBase -->
