<?xml version="1.0" encoding="UTF-8"?>
<!-- Generated by org.testng.reporters.JUnitReportReporter -->
<testsuite skipped="0" hostname="DESKTOP-VG7FOF4" name="com.QaLegendBilling.Scripts.ProductsPageTest" tests="3" failures="0" timestamp="2023-03-20T16:34:47 IST" time="28.738" errors="0">
  <testcase name="addNewProduct" time="18.783" classname="com.QaLegendBilling.Scripts.ProductsPageTest"/>
  <system-out/>
  <testcase name="deactivateNewProduct" time="8.253" classname="com.QaLegendBilling.Scripts.ProductsPageTest"/>
  <system-out/>
  <testcase name="deleteNewProduct" time="1.702" classname="com.QaLegendBilling.Scripts.ProductsPageTest"/>
  <system-out/>
</testsuite> <!-- com.QaLegendBilling.Scripts.ProductsPageTest -->
