<?xml version="1.0" encoding="UTF-8"?>
<!-- Generated by org.testng.reporters.JUnitReportReporter -->
<testsuite skipped="0" hostname="DESKTOP-VG7FOF4" name="com.QaLegendBilling.Scripts.UsersPageTest" tests="3" failures="0" timestamp="2023-03-21T07:53:18 IST" time="36.751" errors="0">
  <testcase name="addNewUser" time="15.719" classname="com.QaLegendBilling.Scripts.UsersPageTest"/>
  <system-out/>
  <testcase name="addNewRole" time="17.474" classname="com.QaLegendBilling.Scripts.UsersPageTest"/>
  <system-out/>
  <testcase name="deleteNewRole" time="3.558" classname="com.QaLegendBilling.Scripts.UsersPageTest"/>
  <system-out/>
</testsuite> <!-- com.QaLegendBilling.Scripts.UsersPageTest -->
