<?xml version="1.0" encoding="UTF-8"?>
<!-- Generated by org.testng.reporters.JUnitReportReporter -->
<testsuite skipped="15" hostname="DESKTOP-VG7FOF4" name="com.QaLegendBilling.Scripts.LoginTest" tests="16" failures="0" timestamp="2023-03-29T17:38:07 IST" time="20.212" errors="0">
  <testcase name="verifyLoginValidUserValidPassword" time="20.212" classname="com.QaLegendBilling.Scripts.LoginTest"/>
  <system-out/>
  <testcase name="verifyLoginInvalidUserValidPassword" classname="com.QaLegendBilling.Scripts.LoginTest">
    <skipped/>
  </testcase> <!-- verifyLoginInvalidUserValidPassword -->
  <system-out/>
  <testcase name="verifyLoginInvalidUserValidPassword" classname="com.QaLegendBilling.Scripts.LoginTest">
    <skipped/>
  </testcase> <!-- verifyLoginInvalidUserValidPassword -->
  <system-out/>
  <testcase name="verifyLoginInvalidUserValidPassword" classname="com.QaLegendBilling.Scripts.LoginTest">
    <skipped/>
  </testcase> <!-- verifyLoginInvalidUserValidPassword -->
  <system-out/>
  <testcase name="verifyLoginInvalidUserValidPassword" classname="com.QaLegendBilling.Scripts.LoginTest">
    <skipped/>
  </testcase> <!-- verifyLoginInvalidUserValidPassword -->
  <system-out/>
  <testcase name="verifyLoginInvalidUserValidPassword" classname="com.QaLegendBilling.Scripts.LoginTest">
    <skipped/>
  </testcase> <!-- verifyLoginInvalidUserValidPassword -->
  <system-out/>
  <testcase name="verifyLoginValidUserInvalidPassword" classname="com.QaLegendBilling.Scripts.LoginTest">
    <skipped/>
  </testcase> <!-- verifyLoginValidUserInvalidPassword -->
  <system-out/>
  <testcase name="verifyLoginValidUserInvalidPassword" classname="com.QaLegendBilling.Scripts.LoginTest">
    <skipped/>
  </testcase> <!-- verifyLoginValidUserInvalidPassword -->
  <system-out/>
  <testcase name="verifyLoginValidUserInvalidPassword" classname="com.QaLegendBilling.Scripts.LoginTest">
    <skipped/>
  </testcase> <!-- verifyLoginValidUserInvalidPassword -->
  <system-out/>
  <testcase name="verifyLoginValidUserInvalidPassword" classname="com.QaLegendBilling.Scripts.LoginTest">
    <skipped/>
  </testcase> <!-- verifyLoginValidUserInvalidPassword -->
  <system-out/>
  <testcase name="verifyLoginValidUserInvalidPassword" classname="com.QaLegendBilling.Scripts.LoginTest">
    <skipped/>
  </testcase> <!-- verifyLoginValidUserInvalidPassword -->
  <system-out/>
  <testcase name="verifyLoginInvalidUserInvalidPassword" classname="com.QaLegendBilling.Scripts.LoginTest">
    <skipped/>
  </testcase> <!-- verifyLoginInvalidUserInvalidPassword -->
  <system-out/>
  <testcase name="verifyLoginInvalidUserInvalidPassword" classname="com.QaLegendBilling.Scripts.LoginTest">
    <skipped/>
  </testcase> <!-- verifyLoginInvalidUserInvalidPassword -->
  <system-out/>
  <testcase name="verifyLoginInvalidUserInvalidPassword" classname="com.QaLegendBilling.Scripts.LoginTest">
    <skipped/>
  </testcase> <!-- verifyLoginInvalidUserInvalidPassword -->
  <system-out/>
  <testcase name="verifyLoginInvalidUserInvalidPassword" classname="com.QaLegendBilling.Scripts.LoginTest">
    <skipped/>
  </testcase> <!-- verifyLoginInvalidUserInvalidPassword -->
  <system-out/>
  <testcase name="verifyLoginInvalidUserInvalidPassword" classname="com.QaLegendBilling.Scripts.LoginTest">
    <skipped/>
  </testcase> <!-- verifyLoginInvalidUserInvalidPassword -->
  <system-out/>
</testsuite> <!-- com.QaLegendBilling.Scripts.LoginTest -->
