<?xml version="1.0" encoding="UTF-8"?>
<!-- Generated by org.testng.reporters.JUnitReportReporter -->
<testsuite skipped="0" hostname="DESKTOP-VG7FOF4" name="com.QaLegendBilling.Scripts.ProductsPageTest" tests="4" failures="0" timestamp="2023-03-24T17:33:16 IST" time="36.653" errors="0">
  <testcase name="verifyAddingNewProduct" time="17.038" classname="com.QaLegendBilling.Scripts.ProductsPageTest"/>
  <system-out/>
  <testcase name="verifyDeactivatingNewProduct" time="7.398" classname="com.QaLegendBilling.Scripts.ProductsPageTest"/>
  <system-out/>
  <testcase name="verifyDeletingNewProduct" time="5.895" classname="com.QaLegendBilling.Scripts.ProductsPageTest"/>
  <system-out/>
  <testcase name="addUnits" time="6.322" classname="com.QaLegendBilling.Scripts.ProductsPageTest"/>
  <system-out/>
</testsuite> <!-- com.QaLegendBilling.Scripts.ProductsPageTest -->
