<?xml version="1.0" encoding="UTF-8"?>
<!-- Generated by org.testng.reporters.JUnitReportReporter -->
<testsuite skipped="0" hostname="DESKTOP-VG7FOF4" name="com.QaLegendBilling.Scripts.PaymentAccountsPageTest" tests="3" failures="0" timestamp="2023-03-29T17:43:19 IST" time="46.921" errors="0">
  <testcase name="verifyLoginValidUserValidPassword" time="16.690" classname="com.QaLegendBilling.Scripts.PaymentAccountsPageTest"/>
  <system-out/>
  <testcase name="verifySupplierDueAmount" time="9.829" classname="com.QaLegendBilling.Scripts.PaymentAccountsPageTest"/>
  <system-out/>
  <testcase name="verifyLinkAccountAgainstPaymentRefNumber" time="20.402" classname="com.QaLegendBilling.Scripts.PaymentAccountsPageTest"/>
  <system-out/>
</testsuite> <!-- com.QaLegendBilling.Scripts.PaymentAccountsPageTest -->
