<?xml version="1.0" encoding="UTF-8"?>
<!-- Generated by org.testng.reporters.JUnitReportReporter -->
<testsuite skipped="0" hostname="DESKTOP-VG7FOF4" name="com.QaLegendBilling.Scripts.ExpensePageTest" tests="1" failures="0" timestamp="2023-03-22T19:03:21 IST" time="6.265" errors="0">
  <testcase name="verifyAddingNewExpenses" time="6.265" classname="com.QaLegendBilling.Scripts.ExpensePageTest"/>
  <system-out/>
</testsuite> <!-- com.QaLegendBilling.Scripts.ExpensePageTest -->
