<?xml version="1.0" encoding="UTF-8"?>
<!-- Generated by org.testng.reporters.JUnitReportReporter -->
<testsuite skipped="0" hostname="DESKTOP-VG7FOF4" name="com.QaLegendBilling.Scripts.ProductsPageTest" tests="3" failures="0" timestamp="2023-03-19T11:32:55 IST" time="35.208" errors="0">
  <testcase name="addNewProduct" time="19.370" classname="com.QaLegendBilling.Scripts.ProductsPageTest"/>
  <system-out/>
  <testcase name="deactivateNewProduct" time="6.773" classname="com.QaLegendBilling.Scripts.ProductsPageTest"/>
  <system-out/>
  <testcase name="deleteNewProduct" time="9.065" classname="com.QaLegendBilling.Scripts.ProductsPageTest"/>
  <system-out/>
</testsuite> <!-- com.QaLegendBilling.Scripts.ProductsPageTest -->
