<?xml version="1.0" encoding="UTF-8"?>
<!-- Generated by org.testng.reporters.JUnitReportReporter -->
<testsuite skipped="3" hostname="DESKTOP-VG7FOF4" name="com.QaLegendBilling.Scripts.UsersPageTest" tests="4" failures="0" timestamp="2023-03-17T20:05:35 IST" time="0.218" errors="0">
  <testcase name="testBase" time="0.218" classname="com.QaLegendBilling.Scripts.UsersPageTest"/>
  <system-out/>
  <testcase name="addNewUser" classname="com.QaLegendBilling.Scripts.UsersPageTest">
    <skipped/>
  </testcase> <!-- addNewUser -->
  <system-out/>
  <testcase name="addNewRole" classname="com.QaLegendBilling.Scripts.UsersPageTest">
    <skipped/>
  </testcase> <!-- addNewRole -->
  <system-out/>
  <testcase name="deleteNewRole" classname="com.QaLegendBilling.Scripts.UsersPageTest">
    <skipped/>
  </testcase> <!-- deleteNewRole -->
  <system-out/>
</testsuite> <!-- com.QaLegendBilling.Scripts.UsersPageTest -->
