<?xml version="1.0" encoding="UTF-8"?>
<!-- Generated by org.testng.reporters.JUnitReportReporter -->
<testsuite skipped="5" hostname="DESKTOP-VG7FOF4" name="com.QaLegendBilling.Scripts.UsersPageTest" tests="6" failures="0" timestamp="2023-04-04T07:52:43 IST" time="0.223" errors="1">
  <testcase name="verifyAddingNewUser" time="0.068" classname="com.QaLegendBilling.Scripts.UsersPageTest">
    <skipped/>
  </testcase> <!-- verifyAddingNewUser -->
  <system-out/>
  <testcase name="verifyAddingNewUser" time="0.066" classname="com.QaLegendBilling.Scripts.UsersPageTest">
    <error type="java.lang.NullPointerException">
      <![CDATA[java.lang.NullPointerException
at org.openqa.selenium.support.pagefactory.DefaultElementLocator.findElement(DefaultElementLocator.java:70)
at org.openqa.selenium.support.pagefactory.internal.LocatingElementHandler.invoke(LocatingElementHandler.java:39)
at com.sun.proxy.$Proxy16.click(Unknown Source)
at com.QaLegendBilling.Pages.UsersPage.clickUserManagement(UsersPage.java:62)
at com.QaLegendBilling.Utilities.PageFunctions.usersPageNewUserFunctions(PageFunctions.java:39)
at com.QaLegendBilling.Scripts.UsersPageTest.verifyAddingNewUser(UsersPageTest.java:30)
at sun.reflect.NativeMethodAccessorImpl.invoke0(Native Method)
at sun.reflect.NativeMethodAccessorImpl.invoke(NativeMethodAccessorImpl.java:62)
at sun.reflect.DelegatingMethodAccessorImpl.invoke(DelegatingMethodAccessorImpl.java:43)
at java.lang.reflect.Method.invoke(Method.java:498)
at org.testng.internal.MethodInvocationHelper.invokeMethod(MethodInvocationHelper.java:133)
at org.testng.internal.TestInvoker.invokeMethod(TestInvoker.java:598)
at org.testng.internal.TestInvoker.retryFailed(TestInvoker.java:213)
at org.testng.internal.MethodRunner.runInSequence(MethodRunner.java:58)
at org.testng.internal.TestInvoker$MethodInvocationAgent.invoke(TestInvoker.java:824)
at org.testng.internal.TestInvoker.invokeTestMethods(TestInvoker.java:146)
at org.testng.internal.TestMethodWorker.invokeTestMethods(TestMethodWorker.java:146)
at org.testng.internal.TestMethodWorker.run(TestMethodWorker.java:128)
at java.util.ArrayList.forEach(ArrayList.java:1257)
at org.testng.TestRunner.privateRun(TestRunner.java:794)
at org.testng.TestRunner.run(TestRunner.java:596)
at org.testng.SuiteRunner.runTest(SuiteRunner.java:377)
at org.testng.SuiteRunner.runSequentially(SuiteRunner.java:371)
at org.testng.SuiteRunner.privateRun(SuiteRunner.java:332)
at org.testng.SuiteRunner.run(SuiteRunner.java:276)
at org.testng.SuiteRunnerWorker.runSuite(SuiteRunnerWorker.java:53)
at org.testng.SuiteRunnerWorker.run(SuiteRunnerWorker.java:96)
at org.testng.TestNG.runSuitesSequentially(TestNG.java:1212)
at org.testng.TestNG.runSuitesLocally(TestNG.java:1134)
at org.testng.TestNG.runSuites(TestNG.java:1063)
at org.testng.TestNG.run(TestNG.java:1031)
at org.testng.remote.AbstractRemoteTestNG.run(AbstractRemoteTestNG.java:115)
at org.testng.remote.RemoteTestNG.initAndRun(RemoteTestNG.java:251)
at org.testng.remote.RemoteTestNG.main(RemoteTestNG.java:77)
]]>
    </error>
  </testcase> <!-- verifyAddingNewUser -->
  <system-out/>
  <testcase name="verifyAddingNewUser" time="0.075" classname="com.QaLegendBilling.Scripts.UsersPageTest">
    <skipped/>
  </testcase> <!-- verifyAddingNewUser -->
  <system-out/>
  <testcase name="verifyAddingNewUser" time="0.013" classname="com.QaLegendBilling.Scripts.UsersPageTest">
    <skipped/>
  </testcase> <!-- verifyAddingNewUser -->
  <system-out/>
  <testcase name="verifyAddingNewRole" time="0.001" classname="com.QaLegendBilling.Scripts.UsersPageTest">
    <skipped/>
  </testcase> <!-- verifyAddingNewRole -->
  <system-out/>
  <testcase name="verifyDeletingNewRole" time="0.000" classname="com.QaLegendBilling.Scripts.UsersPageTest">
    <skipped/>
  </testcase> <!-- verifyDeletingNewRole -->
  <system-out/>
</testsuite> <!-- com.QaLegendBilling.Scripts.UsersPageTest -->
