<?xml version="1.0" encoding="UTF-8"?>
<!-- Generated by org.testng.reporters.JUnitReportReporter -->
<testsuite skipped="0" hostname="DESKTOP-VG7FOF4" name="com.QaLegendBilling.Scripts.ExpensePageTest" tests="3" failures="0" timestamp="2023-03-23T15:54:35 IST" time="13.142" errors="0">
  <testcase name="verifyAddingNewExpenses" time="7.469" classname="com.QaLegendBilling.Scripts.ExpensePageTest"/>
  <system-out/>
  <testcase name="verifyPaginationWhenNewExpenseIsAdded" time="0.751" classname="com.QaLegendBilling.Scripts.ExpensePageTest"/>
  <system-out/>
  <testcase name="verifyExpenseCategoryUpdation" time="4.922" classname="com.QaLegendBilling.Scripts.ExpensePageTest"/>
  <system-out/>
</testsuite> <!-- com.QaLegendBilling.Scripts.ExpensePageTest -->
