<?xml version="1.0" encoding="UTF-8"?>
<!-- Generated by org.testng.reporters.JUnitReportReporter -->
<testsuite skipped="0" hostname="DESKTOP-VG7FOF4" name="com.QaLegendBilling.Scripts.ProductsPageTest" tests="4" failures="0" timestamp="2023-03-22T18:12:50 IST" time="36.503" errors="0">
  <testcase name="verifyAddingNewProduct" time="19.161" classname="com.QaLegendBilling.Scripts.ProductsPageTest"/>
  <system-out/>
  <testcase name="verifyDeactivatingNewProduct" time="9.324" classname="com.QaLegendBilling.Scripts.ProductsPageTest"/>
  <system-out/>
  <testcase name="verifyDeletingNewProduct" time="2.204" classname="com.QaLegendBilling.Scripts.ProductsPageTest"/>
  <system-out/>
  <testcase name="addUnits" time="5.814" classname="com.QaLegendBilling.Scripts.ProductsPageTest"/>
  <system-out/>
</testsuite> <!-- com.QaLegendBilling.Scripts.ProductsPageTest -->
