<?xml version="1.0" encoding="UTF-8"?>
<!-- Generated by org.testng.reporters.JUnitReportReporter -->
<testsuite skipped="0" hostname="DESKTOP-VG7FOF4" name="com.QaLegendBilling.Scripts.ExpensePageTest" tests="1" failures="0" timestamp="2023-03-20T19:25:16 IST" time="7.747" errors="0">
  <testcase name="addExpenses" time="7.747" classname="com.QaLegendBilling.Scripts.ExpensePageTest"/>
  <system-out/>
</testsuite> <!-- com.QaLegendBilling.Scripts.ExpensePageTest -->
