<?xml version="1.0" encoding="UTF-8"?>
<!-- Generated by org.testng.reporters.JUnitReportReporter -->
<testsuite skipped="0" hostname="DESKTOP-VG7FOF4" name="com.QaLegendBilling.Scripts.ExpensePageTest" tests="3" failures="0" timestamp="2023-04-04T08:08:24 IST" time="28.798" errors="0">
  <testcase name="verifyAddingNewExpenses" time="17.076" classname="com.QaLegendBilling.Scripts.ExpensePageTest"/>
  <system-out/>
  <testcase name="verifyPaginationWhenNewExpenseIsAdded" time="0.815" classname="com.QaLegendBilling.Scripts.ExpensePageTest"/>
  <system-out/>
  <testcase name="verifyExpenseCategoryUpdation" time="10.907" classname="com.QaLegendBilling.Scripts.ExpensePageTest"/>
  <system-out/>
</testsuite> <!-- com.QaLegendBilling.Scripts.ExpensePageTest -->
