<?xml version="1.0" encoding="UTF-8"?>
<!-- Generated by org.testng.reporters.JUnitReportReporter -->
<testsuite skipped="5" hostname="DESKTOP-VG7FOF4" name="com.QaLegendBilling.Scripts.UsersPageTest" tests="7" failures="0" timestamp="2023-03-29T17:38:07 IST" time="0.155" errors="2">
  <testcase name="verifyLoginValidUserValidPassword" time="0.022" classname="com.QaLegendBilling.Scripts.UsersPageTest">
    <error type="java.lang.IllegalArgumentException" message="Input must be set">
      <![CDATA[java.lang.IllegalArgumentException: Input must be set
at org.openqa.selenium.internal.Require.nonNull(Require.java:59)
at org.openqa.selenium.support.ui.FluentWait.<init>(FluentWait.java:97)
at org.openqa.selenium.support.ui.WebDriverWait.<init>(WebDriverWait.java:77)
at org.openqa.selenium.support.ui.WebDriverWait.<init>(WebDriverWait.java:46)
at com.QaLegendBilling.Utilities.WaitUtilities.waitForElementTobeClickable(WaitUtilities.java:23)
at com.QaLegendBilling.Pages.LoginPage.setUsername(LoginPage.java:31)
at com.QaLegendBilling.Scripts.LoginTest.verifyLoginValidUserValidPassword(LoginTest.java:59)
at sun.reflect.NativeMethodAccessorImpl.invoke0(Native Method)
at sun.reflect.NativeMethodAccessorImpl.invoke(NativeMethodAccessorImpl.java:62)
at sun.reflect.DelegatingMethodAccessorImpl.invoke(DelegatingMethodAccessorImpl.java:43)
at java.lang.reflect.Method.invoke(Method.java:498)
at org.testng.internal.MethodInvocationHelper.invokeMethod(MethodInvocationHelper.java:133)
at org.testng.internal.TestInvoker.invokeMethod(TestInvoker.java:598)
at org.testng.internal.TestInvoker.invokeTestMethod(TestInvoker.java:173)
at org.testng.internal.MethodRunner.runInSequence(MethodRunner.java:46)
at org.testng.internal.TestInvoker$MethodInvocationAgent.invoke(TestInvoker.java:824)
at org.testng.internal.TestInvoker.invokeTestMethods(TestInvoker.java:146)
at org.testng.internal.TestMethodWorker.invokeTestMethods(TestMethodWorker.java:146)
at org.testng.internal.TestMethodWorker.run(TestMethodWorker.java:128)
at java.util.ArrayList.forEach(ArrayList.java:1257)
at org.testng.TestRunner.privateRun(TestRunner.java:794)
at org.testng.TestRunner.run(TestRunner.java:596)
at org.testng.SuiteRunner.runTest(SuiteRunner.java:377)
at org.testng.SuiteRunner.access$000(SuiteRunner.java:28)
at org.testng.SuiteRunner$SuiteWorker.run(SuiteRunner.java:418)
at org.testng.internal.thread.ThreadUtil.lambda$execute$0(ThreadUtil.java:64)
at java.util.concurrent.FutureTask.run(FutureTask.java:266)
at java.util.concurrent.ThreadPoolExecutor.runWorker(ThreadPoolExecutor.java:1149)
at java.util.concurrent.ThreadPoolExecutor$Worker.run(ThreadPoolExecutor.java:624)
at java.lang.Thread.run(Thread.java:748)
]]>
    </error>
  </testcase> <!-- verifyLoginValidUserValidPassword -->
  <system-out/>
  <testcase name="verifyAddingNewUser" time="0.009" classname="com.QaLegendBilling.Scripts.UsersPageTest">
    <skipped/>
  </testcase> <!-- verifyAddingNewUser -->
  <system-out/>
  <testcase name="verifyAddingNewUser" time="0.006" classname="com.QaLegendBilling.Scripts.UsersPageTest">
    <skipped/>
  </testcase> <!-- verifyAddingNewUser -->
  <system-out/>
  <testcase name="verifyAddingNewUser" time="0.091" classname="com.QaLegendBilling.Scripts.UsersPageTest">
    <error type="java.lang.NullPointerException">
      <![CDATA[java.lang.NullPointerException
at org.openqa.selenium.support.pagefactory.DefaultElementLocator.findElement(DefaultElementLocator.java:70)
at org.openqa.selenium.support.pagefactory.internal.LocatingElementHandler.invoke(LocatingElementHandler.java:39)
at com.sun.proxy.$Proxy16.click(Unknown Source)
at com.QaLegendBilling.Pages.UsersPage.clickUserManagement(UsersPage.java:62)
at com.QaLegendBilling.Utilities.PageFunctions.usersPageNewUserFunctions(PageFunctions.java:39)
at com.QaLegendBilling.Scripts.UsersPageTest.verifyAddingNewUser(UsersPageTest.java:30)
at sun.reflect.NativeMethodAccessorImpl.invoke0(Native Method)
at sun.reflect.NativeMethodAccessorImpl.invoke(NativeMethodAccessorImpl.java:62)
at sun.reflect.DelegatingMethodAccessorImpl.invoke(DelegatingMethodAccessorImpl.java:43)
at java.lang.reflect.Method.invoke(Method.java:498)
at org.testng.internal.MethodInvocationHelper.invokeMethod(MethodInvocationHelper.java:133)
at org.testng.internal.TestInvoker.invokeMethod(TestInvoker.java:598)
at org.testng.internal.TestInvoker.retryFailed(TestInvoker.java:213)
at org.testng.internal.MethodRunner.runInSequence(MethodRunner.java:58)
at org.testng.internal.TestInvoker$MethodInvocationAgent.invoke(TestInvoker.java:824)
at org.testng.internal.TestInvoker.invokeTestMethods(TestInvoker.java:146)
at org.testng.internal.TestMethodWorker.invokeTestMethods(TestMethodWorker.java:146)
at org.testng.internal.TestMethodWorker.run(TestMethodWorker.java:128)
at java.util.ArrayList.forEach(ArrayList.java:1257)
at org.testng.TestRunner.privateRun(TestRunner.java:794)
at org.testng.TestRunner.run(TestRunner.java:596)
at org.testng.SuiteRunner.runTest(SuiteRunner.java:377)
at org.testng.SuiteRunner.access$000(SuiteRunner.java:28)
at org.testng.SuiteRunner$SuiteWorker.run(SuiteRunner.java:418)
at org.testng.internal.thread.ThreadUtil.lambda$execute$0(ThreadUtil.java:64)
at java.util.concurrent.FutureTask.run(FutureTask.java:266)
at java.util.concurrent.ThreadPoolExecutor.runWorker(ThreadPoolExecutor.java:1149)
at java.util.concurrent.ThreadPoolExecutor$Worker.run(ThreadPoolExecutor.java:624)
at java.lang.Thread.run(Thread.java:748)
]]>
    </error>
  </testcase> <!-- verifyAddingNewUser -->
  <system-out/>
  <testcase name="verifyAddingNewUser" time="0.027" classname="com.QaLegendBilling.Scripts.UsersPageTest">
    <skipped/>
  </testcase> <!-- verifyAddingNewUser -->
  <system-out/>
  <testcase name="verifyAddingNewRole" time="0.000" classname="com.QaLegendBilling.Scripts.UsersPageTest">
    <skipped/>
  </testcase> <!-- verifyAddingNewRole -->
  <system-out/>
  <testcase name="verifyDeletingNewRole" time="0.000" classname="com.QaLegendBilling.Scripts.UsersPageTest">
    <skipped/>
  </testcase> <!-- verifyDeletingNewRole -->
  <system-out/>
</testsuite> <!-- com.QaLegendBilling.Scripts.UsersPageTest -->
