<?xml version="1.0" encoding="UTF-8"?>
<!-- Generated by org.testng.reporters.JUnitReportReporter -->
<testsuite skipped="0" hostname="DESKTOP-VG7FOF4" name="com.QaLegendBilling.Scripts.UsersPageTest" tests="3" failures="0" timestamp="2023-03-22T18:56:21 IST" time="29.199" errors="0">
  <testcase name="verifyAddingNewUser" time="14.520" classname="com.QaLegendBilling.Scripts.UsersPageTest"/>
  <system-out/>
  <testcase name="verifyAddingNewRole" time="11.734" classname="com.QaLegendBilling.Scripts.UsersPageTest"/>
  <system-out/>
  <testcase name="verifyDeletingNewRole" time="2.945" classname="com.QaLegendBilling.Scripts.UsersPageTest"/>
  <system-out/>
</testsuite> <!-- com.QaLegendBilling.Scripts.UsersPageTest -->
