<?xml version="1.0" encoding="UTF-8"?>
<!-- Generated by org.testng.reporters.JUnitReportReporter -->
<testsuite skipped="0" hostname="DESKTOP-VG7FOF4" name="com.QaLegendBilling.Scripts.ReportsPageTest" tests="4" failures="0" timestamp="2023-03-24T17:33:16 IST" time="6.447" errors="0">
  <testcase name="verifySupplierPurchaseAmount" time="4.718" classname="com.QaLegendBilling.Scripts.ReportsPageTest"/>
  <system-out/>
  <testcase name="verifySupplierDueAmount" time="0.479" classname="com.QaLegendBilling.Scripts.ReportsPageTest"/>
  <system-out/>
  <testcase name="verifySupplierPurchaseAmountDemo" time="0.902" classname="com.QaLegendBilling.Scripts.ReportsPageTest"/>
  <system-out/>
  <testcase name="verifySupplierDueAmountDemo" time="0.348" classname="com.QaLegendBilling.Scripts.ReportsPageTest"/>
  <system-out/>
</testsuite> <!-- com.QaLegendBilling.Scripts.ReportsPageTest -->
