<?xml version="1.0" encoding="UTF-8"?>
<!-- Generated by org.testng.reporters.JUnitReportReporter -->
<testsuite skipped="0" hostname="DESKTOP-VG7FOF4" name="com.QaLegendBilling.Scripts.ProductsPageTest" tests="3" failures="0" timestamp="2023-03-21T07:53:18 IST" time="35.205" errors="0">
  <testcase name="addNewProduct" time="24.304" classname="com.QaLegendBilling.Scripts.ProductsPageTest"/>
  <system-out/>
  <testcase name="deactivateNewProduct" time="8.480" classname="com.QaLegendBilling.Scripts.ProductsPageTest"/>
  <system-out/>
  <testcase name="deleteNewProduct" time="2.421" classname="com.QaLegendBilling.Scripts.ProductsPageTest"/>
  <system-out/>
</testsuite> <!-- com.QaLegendBilling.Scripts.ProductsPageTest -->
