<?xml version="1.0" encoding="UTF-8"?>
<!-- Generated by org.testng.reporters.JUnitReportReporter -->
<testsuite skipped="0" hostname="DESKTOP-VG7FOF4" name="com.QaLegendBilling.Scripts.ExpensePageTest" tests="3" failures="0" timestamp="2023-03-24T17:33:16 IST" time="18.482" errors="0">
  <testcase name="verifyAddingNewExpenses" time="11.529" classname="com.QaLegendBilling.Scripts.ExpensePageTest"/>
  <system-out/>
  <testcase name="verifyPaginationWhenNewExpenseIsAdded" time="1.118" classname="com.QaLegendBilling.Scripts.ExpensePageTest"/>
  <system-out/>
  <testcase name="verifyExpenseCategoryUpdation" time="5.835" classname="com.QaLegendBilling.Scripts.ExpensePageTest"/>
  <system-out/>
</testsuite> <!-- com.QaLegendBilling.Scripts.ExpensePageTest -->
