<?xml version="1.0" encoding="UTF-8"?>
<!-- Generated by org.testng.reporters.JUnitReportReporter -->
<testsuite skipped="0" hostname="DESKTOP-VG7FOF4" name="com.QaLegendBilling.Scripts.LoginTest" tests="4" failures="0" timestamp="2023-03-27T12:12:18 IST" time="17.619" errors="0">
  <testcase name="verifyLoginInvalidUserInvalidPassword" time="6.155" classname="com.QaLegendBilling.Scripts.LoginTest"/>
  <system-out/>
  <testcase name="verifyLoginValidUserInvalidPassword" time="2.269" classname="com.QaLegendBilling.Scripts.LoginTest"/>
  <system-out/>
  <testcase name="verifyLoginInvalidUserValidPassword" time="2.955" classname="com.QaLegendBilling.Scripts.LoginTest"/>
  <system-out/>
  <testcase name="verifyLoginValidUserValidPassword" time="6.240" classname="com.QaLegendBilling.Scripts.LoginTest"/>
  <system-out/>
</testsuite> <!-- com.QaLegendBilling.Scripts.LoginTest -->
