<?xml version="1.0" encoding="UTF-8"?>
<!-- Generated by org.testng.reporters.JUnitReportReporter -->
<testsuite skipped="0" hostname="DESKTOP-VG7FOF4" name="com.QaLegendBilling.Scripts.LoginTest" tests="4" failures="0" timestamp="2023-04-04T08:08:24 IST" time="19.686" errors="0">
  <testcase name="verifyLoginInvalidUserInvalidPassword" time="5.850" classname="com.QaLegendBilling.Scripts.LoginTest"/>
  <system-out/>
  <testcase name="verifyLoginValidUserInvalidPassword" time="2.875" classname="com.QaLegendBilling.Scripts.LoginTest"/>
  <system-out/>
  <testcase name="verifyLoginInvalidUserValidPassword" time="2.341" classname="com.QaLegendBilling.Scripts.LoginTest"/>
  <system-out/>
  <testcase name="verifyLoginValidUserValidPassword" time="8.620" classname="com.QaLegendBilling.Scripts.LoginTest"/>
  <system-out/>
</testsuite> <!-- com.QaLegendBilling.Scripts.LoginTest -->
