<?xml version="1.0" encoding="UTF-8"?>
<!-- Generated by org.testng.reporters.JUnitReportReporter -->
<testsuite skipped="0" hostname="DESKTOP-VG7FOF4" name="com.QaLegendBilling.Scripts.UsersPageTest" tests="3" failures="0" timestamp="2023-03-24T17:33:16 IST" time="29.315" errors="0">
  <testcase name="verifyAddingNewUser" time="13.584" classname="com.QaLegendBilling.Scripts.UsersPageTest"/>
  <system-out/>
  <testcase name="verifyAddingNewRole" time="11.367" classname="com.QaLegendBilling.Scripts.UsersPageTest"/>
  <system-out/>
  <testcase name="verifyDeletingNewRole" time="4.364" classname="com.QaLegendBilling.Scripts.UsersPageTest"/>
  <system-out/>
</testsuite> <!-- com.QaLegendBilling.Scripts.UsersPageTest -->
