<?xml version="1.0" encoding="UTF-8"?>
<!-- Generated by org.testng.reporters.JUnitReportReporter -->
<testsuite skipped="0" hostname="DESKTOP-VG7FOF4" name="com.QaLegendBilling.Scripts.UsersPageTest" tests="3" failures="0" timestamp="2023-03-20T16:34:47 IST" time="33.911" errors="0">
  <testcase name="addNewUser" time="14.615" classname="com.QaLegendBilling.Scripts.UsersPageTest"/>
  <system-out/>
  <testcase name="addNewRole" time="15.601" classname="com.QaLegendBilling.Scripts.UsersPageTest"/>
  <system-out/>
  <testcase name="deleteNewRole" time="3.695" classname="com.QaLegendBilling.Scripts.UsersPageTest"/>
  <system-out/>
</testsuite> <!-- com.QaLegendBilling.Scripts.UsersPageTest -->
