<?xml version="1.0" encoding="UTF-8"?>
<!-- Generated by org.testng.reporters.JUnitReportReporter -->
<testsuite skipped="0" hostname="DESKTOP-VG7FOF4" name="com.QaLegendBilling.Scripts.ExpensePageTest" tests="2" failures="0" timestamp="2023-03-23T07:44:20 IST" time="8.768" errors="0">
  <testcase name="verifyAddingNewExpenses" time="8.262" classname="com.QaLegendBilling.Scripts.ExpensePageTest"/>
  <system-out/>
  <testcase name="verifyPaginationWhenNewExpenseIsAdded" time="0.506" classname="com.QaLegendBilling.Scripts.ExpensePageTest"/>
  <system-out/>
</testsuite> <!-- com.QaLegendBilling.Scripts.ExpensePageTest -->
