<?xml version="1.0" encoding="UTF-8"?>
<!-- Generated by org.testng.reporters.JUnitReportReporter -->
<testsuite skipped="0" hostname="DESKTOP-VG7FOF4" name="com.QaLegendBilling.Scripts.PaymentAccountsPageTest" tests="2" failures="0" timestamp="2023-03-24T17:33:16 IST" time="12.439" errors="0">
  <testcase name="verifySupplierDueAmount" time="7.459" classname="com.QaLegendBilling.Scripts.PaymentAccountsPageTest"/>
  <system-out/>
  <testcase name="verifyLinkAccountAgainstPaymentRefNumber" time="4.980" classname="com.QaLegendBilling.Scripts.PaymentAccountsPageTest"/>
  <system-out/>
</testsuite> <!-- com.QaLegendBilling.Scripts.PaymentAccountsPageTest -->
