<?xml version="1.0" encoding="UTF-8"?>
<!-- Generated by org.testng.reporters.JUnitReportReporter -->
<testsuite skipped="0" hostname="DESKTOP-VG7FOF4" name="com.QaLegendBilling.Scripts.PaymentAccountsPageTest" tests="3" failures="0" timestamp="2023-04-03T07:29:17 IST" time="103.353" errors="0">
  <testcase name="verifyLoginValidUserValidPassword" time="51.461" classname="com.QaLegendBilling.Scripts.PaymentAccountsPageTest"/>
  <system-out/>
  <testcase name="verifySupplierDueAmount" time="34.960" classname="com.QaLegendBilling.Scripts.PaymentAccountsPageTest"/>
  <system-out/>
  <testcase name="verifyLinkAccountAgainstPaymentRefNumber" time="16.932" classname="com.QaLegendBilling.Scripts.PaymentAccountsPageTest"/>
  <system-out/>
</testsuite> <!-- com.QaLegendBilling.Scripts.PaymentAccountsPageTest -->
