<?xml version="1.0" encoding="UTF-8"?>
<!-- Generated by org.testng.reporters.JUnitReportReporter -->
<testsuite skipped="0" hostname="DESKTOP-VG7FOF4" name="com.QaLegendBilling.Scripts.UsersPageTest" tests="3" failures="0" timestamp="2023-03-20T19:25:16 IST" time="53.227" errors="0">
  <testcase name="addNewUser" time="25.402" classname="com.QaLegendBilling.Scripts.UsersPageTest"/>
  <system-out/>
  <testcase name="addNewRole" time="25.595" classname="com.QaLegendBilling.Scripts.UsersPageTest"/>
  <system-out/>
  <testcase name="deleteNewRole" time="2.230" classname="com.QaLegendBilling.Scripts.UsersPageTest"/>
  <system-out/>
</testsuite> <!-- com.QaLegendBilling.Scripts.UsersPageTest -->
