<?xml version="1.0" encoding="UTF-8"?>
<!-- Generated by org.testng.reporters.JUnitReportReporter -->
<testsuite skipped="0" hostname="DESKTOP-VG7FOF4" name="com.QaLegendBilling.Scripts.ReportsPageTest" tests="6" failures="0" timestamp="2023-03-29T17:43:19 IST" time="26.738" errors="1">
  <testcase name="tearDown" time="0.008" classname="com.QaLegendBilling.Scripts.ReportsPageTest">
    <error type="java.lang.NullPointerException">
      <![CDATA[java.lang.NullPointerException
at com.QaLegendBilling.Base.DriverFactory.closeBrowser(DriverFactory.java:46)
at com.QaLegendBilling.Base.TestBase.tearDown(TestBase.java:88)
at sun.reflect.NativeMethodAccessorImpl.invoke0(Native Method)
at sun.reflect.NativeMethodAccessorImpl.invoke(NativeMethodAccessorImpl.java:62)
at sun.reflect.DelegatingMethodAccessorImpl.invoke(DelegatingMethodAccessorImpl.java:43)
at java.lang.reflect.Method.invoke(Method.java:498)
at org.testng.internal.MethodInvocationHelper.invokeMethod(MethodInvocationHelper.java:133)
at org.testng.internal.MethodInvocationHelper.invokeMethodConsideringTimeout(MethodInvocationHelper.java:62)
at org.testng.internal.ConfigInvoker.invokeConfigurationMethod(ConfigInvoker.java:385)
at org.testng.internal.ConfigInvoker.invokeConfigurations(ConfigInvoker.java:321)
at org.testng.internal.TestMethodWorker.invokeAfterClassMethods(TestMethodWorker.java:217)
at org.testng.internal.TestMethodWorker.run(TestMethodWorker.java:130)
at java.util.concurrent.ThreadPoolExecutor.runWorker(ThreadPoolExecutor.java:1149)
at java.util.concurrent.ThreadPoolExecutor$Worker.run(ThreadPoolExecutor.java:624)
at java.lang.Thread.run(Thread.java:748)
]]>
    </error>
  </testcase> <!-- tearDown -->
  <system-out/>
  <testcase name="verifyLoginValidUserValidPassword" time="16.840" classname="com.QaLegendBilling.Scripts.ReportsPageTest"/>
  <system-out/>
  <testcase name="verifySupplierPurchaseAmount" time="6.323" classname="com.QaLegendBilling.Scripts.ReportsPageTest"/>
  <system-out/>
  <testcase name="verifySupplierDueAmount" time="1.197" classname="com.QaLegendBilling.Scripts.ReportsPageTest"/>
  <system-out/>
  <testcase name="verifySupplierPurchaseAmountDemo" time="1.918" classname="com.QaLegendBilling.Scripts.ReportsPageTest"/>
  <system-out/>
  <testcase name="verifySupplierDueAmountDemo" time="0.452" classname="com.QaLegendBilling.Scripts.ReportsPageTest"/>
  <system-out/>
</testsuite> <!-- com.QaLegendBilling.Scripts.ReportsPageTest -->
