<?xml version="1.0" encoding="UTF-8"?>
<!-- Generated by org.testng.reporters.JUnitReportReporter -->
<testsuite skipped="3" hostname="DESKTOP-VG7FOF4" name="com.QaLegendBilling.Scripts.LoginTest" tests="5" failures="0" timestamp="2023-03-18T20:27:39 IST" time="10.846" errors="0">
  <testcase name="testBase" time="0.232" classname="com.QaLegendBilling.Scripts.LoginTest"/>
  <system-out/>
  <testcase name="verifyLoginValidUserValidPassword" time="10.614" classname="com.QaLegendBilling.Scripts.LoginTest"/>
  <system-out/>
  <testcase name="verifyLoginValidUserInvalidPassword" classname="com.QaLegendBilling.Scripts.LoginTest">
    <skipped/>
  </testcase> <!-- verifyLoginValidUserInvalidPassword -->
  <system-out/>
  <testcase name="verifyLoginInvalidUserInvalidPassword" classname="com.QaLegendBilling.Scripts.LoginTest">
    <skipped/>
  </testcase> <!-- verifyLoginInvalidUserInvalidPassword -->
  <system-out/>
  <testcase name="verifyLoginInvalidUserValidPassword" classname="com.QaLegendBilling.Scripts.LoginTest">
    <skipped/>
  </testcase> <!-- verifyLoginInvalidUserValidPassword -->
  <system-out/>
</testsuite> <!-- com.QaLegendBilling.Scripts.LoginTest -->
