<?xml version="1.0" encoding="UTF-8"?>
<!-- Generated by org.testng.reporters.JUnitReportReporter -->
<testsuite skipped="6" hostname="DESKTOP-VG7FOF4" name="com.QaLegendBilling.Scripts.LoginTest" tests="7" failures="0" timestamp="2023-03-19T15:42:24 IST" time="8.862" errors="0">
  <testcase name="verifyLoginValidUserValidPassword" time="8.862" classname="com.QaLegendBilling.Scripts.LoginTest"/>
  <system-out/>
  <testcase name="verifyLoginValidUserInvalidPassword" classname="com.QaLegendBilling.Scripts.LoginTest">
    <skipped/>
  </testcase> <!-- verifyLoginValidUserInvalidPassword -->
  <system-out/>
  <testcase name="verifyLoginValidUserInvalidPassword" classname="com.QaLegendBilling.Scripts.LoginTest">
    <skipped/>
  </testcase> <!-- verifyLoginValidUserInvalidPassword -->
  <system-out/>
  <testcase name="verifyLoginInvalidUserInvalidPassword" classname="com.QaLegendBilling.Scripts.LoginTest">
    <skipped/>
  </testcase> <!-- verifyLoginInvalidUserInvalidPassword -->
  <system-out/>
  <testcase name="verifyLoginInvalidUserInvalidPassword" classname="com.QaLegendBilling.Scripts.LoginTest">
    <skipped/>
  </testcase> <!-- verifyLoginInvalidUserInvalidPassword -->
  <system-out/>
  <testcase name="verifyLoginInvalidUserValidPassword" classname="com.QaLegendBilling.Scripts.LoginTest">
    <skipped/>
  </testcase> <!-- verifyLoginInvalidUserValidPassword -->
  <system-out/>
  <testcase name="verifyLoginInvalidUserValidPassword" classname="com.QaLegendBilling.Scripts.LoginTest">
    <skipped/>
  </testcase> <!-- verifyLoginInvalidUserValidPassword -->
  <system-out/>
</testsuite> <!-- com.QaLegendBilling.Scripts.LoginTest -->
