<?xml version="1.0" encoding="UTF-8"?>
<!-- Generated by org.testng.reporters.JUnitReportReporter -->
<testsuite skipped="0" hostname="DESKTOP-VG7FOF4" name="com.QaLegendBilling.Scripts.ExpensePageTest" tests="3" failures="0" timestamp="2023-03-24T17:41:25 IST" time="19.423" errors="0">
  <testcase name="verifyAddingNewExpenses" time="13.817" classname="com.QaLegendBilling.Scripts.ExpensePageTest"/>
  <system-out/>
  <testcase name="verifyPaginationWhenNewExpenseIsAdded" time="1.181" classname="com.QaLegendBilling.Scripts.ExpensePageTest"/>
  <system-out/>
  <testcase name="verifyExpenseCategoryUpdation" time="4.425" classname="com.QaLegendBilling.Scripts.ExpensePageTest"/>
  <system-out/>
</testsuite> <!-- com.QaLegendBilling.Scripts.ExpensePageTest -->
